<?xml version="1.0" encoding="UTF-8"?>
<testng-results ignored="0" total="9" passed="9" failed="0" skipped="0">
  <reporter-output>
  </reporter-output>
  <suite started-at="2024-10-02T13:04:17 GMT" name="vendor-portal" finished-at="2024-10-02T13:04:53 GMT" duration-ms="35593">
    <groups>
    </groups>
    <test started-at="2024-10-02T13:04:17 GMT" name="user-john" finished-at="2024-10-02T13:04:40 GMT" duration-ms="22540">
      <class name="com.aditya.tests.vendorportal.VendorPortalTest">
        <test-method is-config="true" signature="setupConfig()[pri:0, instance:com.aditya.tests.vendorportal.VendorPortalTest@3f6b0be5]" started-at="2024-10-02T13:04:17 GMT" name="setupConfig" finished-at="2024-10-02T13:04:17 GMT" duration-ms="20" status="PASS">
          <reporter-output>
          </reporter-output>
        </test-method> <!-- setupConfig -->
        <test-method is-config="true" signature="setDriver(org.testng.ITestContext)[pri:0, instance:com.aditya.tests.vendorportal.VendorPortalTest@3f6b0be5]" started-at="2024-10-02T13:04:17 GMT" name="setDriver" finished-at="2024-10-02T13:04:21 GMT" duration-ms="3417" status="PASS">
          <params>
            <param index="0">
              <value>
                <![CDATA[org.testng.TestRunner@7161d8d1]]>
              </value>
            </param>
          </params>
          <reporter-output>
          </reporter-output>
        </test-method> <!-- setDriver -->
        <test-method is-config="true" signature="setPageObjects(java.lang.String)[pri:0, instance:com.aditya.tests.vendorportal.VendorPortalTest@3f6b0be5]" started-at="2024-10-02T13:04:21 GMT" name="setPageObjects" finished-at="2024-10-02T13:04:21 GMT" depends-on-methods="com.aditya.tests.AbstractTest.setDriver" duration-ms="439" status="PASS">
          <params>
            <param index="0">
              <value>
                <![CDATA[test-data/vendor-portal/john.json]]>
              </value>
            </param>
          </params>
          <reporter-output>
          </reporter-output>
        </test-method> <!-- setPageObjects -->
        <test-method signature="loginTest()[pri:0, instance:com.aditya.tests.vendorportal.VendorPortalTest@3f6b0be5]" started-at="2024-10-02T13:04:21 GMT" name="loginTest" finished-at="2024-10-02T13:04:23 GMT" duration-ms="1469" status="PASS">
          <reporter-output>
          </reporter-output>
        </test-method> <!-- loginTest -->
        <test-method is-config="true" signature="sleep()[pri:0, instance:com.aditya.tests.vendorportal.VendorPortalTest@3f6b0be5]" started-at="2024-10-02T13:04:23 GMT" name="sleep" finished-at="2024-10-02T13:04:28 GMT" duration-ms="5004" status="PASS">
          <reporter-output>
          </reporter-output>
        </test-method> <!-- sleep -->
        <test-method signature="dashBoardTest()[pri:0, instance:com.aditya.tests.vendorportal.VendorPortalTest@3f6b0be5]" started-at="2024-10-02T13:04:28 GMT" name="dashBoardTest" finished-at="2024-10-02T13:04:28 GMT" depends-on-methods="com.aditya.tests.vendorportal.VendorPortalTest.loginTest" duration-ms="755" status="PASS">
          <reporter-output>
          </reporter-output>
        </test-method> <!-- dashBoardTest -->
        <test-method is-config="true" signature="sleep()[pri:0, instance:com.aditya.tests.vendorportal.VendorPortalTest@3f6b0be5]" started-at="2024-10-02T13:04:28 GMT" name="sleep" finished-at="2024-10-02T13:04:33 GMT" duration-ms="4999" status="PASS">
          <reporter-output>
          </reporter-output>
        </test-method> <!-- sleep -->
        <test-method signature="logoutTest()[pri:0, instance:com.aditya.tests.vendorportal.VendorPortalTest@3f6b0be5]" started-at="2024-10-02T13:04:33 GMT" name="logoutTest" finished-at="2024-10-02T13:04:35 GMT" depends-on-methods="com.aditya.tests.vendorportal.VendorPortalTest.dashBoardTest" duration-ms="1298" status="PASS">
          <reporter-output>
          </reporter-output>
        </test-method> <!-- logoutTest -->
        <test-method is-config="true" signature="sleep()[pri:0, instance:com.aditya.tests.vendorportal.VendorPortalTest@3f6b0be5]" started-at="2024-10-02T13:04:35 GMT" name="sleep" finished-at="2024-10-02T13:04:40 GMT" duration-ms="5001" status="PASS">
          <reporter-output>
          </reporter-output>
        </test-method> <!-- sleep -->
        <test-method is-config="true" signature="quiteDriver()[pri:0, instance:com.aditya.tests.vendorportal.VendorPortalTest@3f6b0be5]" started-at="2024-10-02T13:04:40 GMT" name="quiteDriver" finished-at="2024-10-02T13:04:40 GMT" duration-ms="117" status="PASS">
          <reporter-output>
          </reporter-output>
        </test-method> <!-- quiteDriver -->
      </class> <!-- com.aditya.tests.vendorportal.VendorPortalTest -->
    </test> <!-- user-john -->
    <test started-at="2024-10-02T13:04:17 GMT" name="user-sam" finished-at="2024-10-02T13:04:46 GMT" duration-ms="29099">
      <class name="com.aditya.tests.vendorportal.VendorPortalTest">
        <test-method is-config="true" signature="setDriver(org.testng.ITestContext)[pri:0, instance:com.aditya.tests.vendorportal.VendorPortalTest@446293d]" started-at="2024-10-02T13:04:17 GMT" name="setDriver" finished-at="2024-10-02T13:04:21 GMT" duration-ms="3417" status="PASS">
          <params>
            <param index="0">
              <value>
                <![CDATA[org.testng.TestRunner@75d3a5e0]]>
              </value>
            </param>
          </params>
          <reporter-output>
          </reporter-output>
        </test-method> <!-- setDriver -->
        <test-method is-config="true" signature="setPageObjects(java.lang.String)[pri:0, instance:com.aditya.tests.vendorportal.VendorPortalTest@446293d]" started-at="2024-10-02T13:04:21 GMT" name="setPageObjects" finished-at="2024-10-02T13:04:21 GMT" depends-on-methods="com.aditya.tests.AbstractTest.setDriver" duration-ms="439" status="PASS">
          <params>
            <param index="0">
              <value>
                <![CDATA[test-data/vendor-portal/sam.json]]>
              </value>
            </param>
          </params>
          <reporter-output>
          </reporter-output>
        </test-method> <!-- setPageObjects -->
        <test-method signature="loginTest()[pri:0, instance:com.aditya.tests.vendorportal.VendorPortalTest@446293d]" started-at="2024-10-02T13:04:21 GMT" name="loginTest" finished-at="2024-10-02T13:04:23 GMT" duration-ms="1475" status="PASS">
          <reporter-output>
          </reporter-output>
        </test-method> <!-- loginTest -->
        <test-method is-config="true" signature="sleep()[pri:0, instance:com.aditya.tests.vendorportal.VendorPortalTest@446293d]" started-at="2024-10-02T13:04:23 GMT" name="sleep" finished-at="2024-10-02T13:04:28 GMT" duration-ms="5001" status="PASS">
          <reporter-output>
          </reporter-output>
        </test-method> <!-- sleep -->
        <test-method signature="dashBoardTest()[pri:0, instance:com.aditya.tests.vendorportal.VendorPortalTest@446293d]" started-at="2024-10-02T13:04:28 GMT" name="dashBoardTest" finished-at="2024-10-02T13:04:28 GMT" depends-on-methods="com.aditya.tests.vendorportal.VendorPortalTest.loginTest" duration-ms="688" status="PASS">
          <reporter-output>
          </reporter-output>
        </test-method> <!-- dashBoardTest -->
        <test-method is-config="true" signature="sleep()[pri:0, instance:com.aditya.tests.vendorportal.VendorPortalTest@446293d]" started-at="2024-10-02T13:04:28 GMT" name="sleep" finished-at="2024-10-02T13:04:33 GMT" duration-ms="5000" status="PASS">
          <reporter-output>
          </reporter-output>
        </test-method> <!-- sleep -->
        <test-method signature="logoutTest()[pri:0, instance:com.aditya.tests.vendorportal.VendorPortalTest@446293d]" started-at="2024-10-02T13:04:33 GMT" name="logoutTest" finished-at="2024-10-02T13:04:41 GMT" depends-on-methods="com.aditya.tests.vendorportal.VendorPortalTest.dashBoardTest" duration-ms="7925" status="PASS">
          <reporter-output>
          </reporter-output>
        </test-method> <!-- logoutTest -->
        <test-method is-config="true" signature="sleep()[pri:0, instance:com.aditya.tests.vendorportal.VendorPortalTest@446293d]" started-at="2024-10-02T13:04:41 GMT" name="sleep" finished-at="2024-10-02T13:04:46 GMT" duration-ms="5000" status="PASS">
          <reporter-output>
          </reporter-output>
        </test-method> <!-- sleep -->
        <test-method is-config="true" signature="quiteDriver()[pri:0, instance:com.aditya.tests.vendorportal.VendorPortalTest@446293d]" started-at="2024-10-02T13:04:46 GMT" name="quiteDriver" finished-at="2024-10-02T13:04:46 GMT" duration-ms="115" status="PASS">
          <reporter-output>
          </reporter-output>
        </test-method> <!-- quiteDriver -->
      </class> <!-- com.aditya.tests.vendorportal.VendorPortalTest -->
    </test> <!-- user-sam -->
    <test started-at="2024-10-02T13:04:17 GMT" name="user-mike" finished-at="2024-10-02T13:04:53 GMT" duration-ms="35593">
      <class name="com.aditya.tests.vendorportal.VendorPortalTest">
        <test-method is-config="true" signature="setDriver(org.testng.ITestContext)[pri:0, instance:com.aditya.tests.vendorportal.VendorPortalTest@6283d8b8]" started-at="2024-10-02T13:04:17 GMT" name="setDriver" finished-at="2024-10-02T13:04:21 GMT" duration-ms="3417" status="PASS">
          <params>
            <param index="0">
              <value>
                <![CDATA[org.testng.TestRunner@74d1dc36]]>
              </value>
            </param>
          </params>
          <reporter-output>
          </reporter-output>
        </test-method> <!-- setDriver -->
        <test-method is-config="true" signature="setPageObjects(java.lang.String)[pri:0, instance:com.aditya.tests.vendorportal.VendorPortalTest@6283d8b8]" started-at="2024-10-02T13:04:21 GMT" name="setPageObjects" finished-at="2024-10-02T13:04:21 GMT" depends-on-methods="com.aditya.tests.AbstractTest.setDriver" duration-ms="439" status="PASS">
          <params>
            <param index="0">
              <value>
                <![CDATA[test-data/vendor-portal/mike.json]]>
              </value>
            </param>
          </params>
          <reporter-output>
          </reporter-output>
        </test-method> <!-- setPageObjects -->
        <test-method signature="loginTest()[pri:0, instance:com.aditya.tests.vendorportal.VendorPortalTest@6283d8b8]" started-at="2024-10-02T13:04:21 GMT" name="loginTest" finished-at="2024-10-02T13:04:23 GMT" duration-ms="1469" status="PASS">
          <reporter-output>
          </reporter-output>
        </test-method> <!-- loginTest -->
        <test-method is-config="true" signature="sleep()[pri:0, instance:com.aditya.tests.vendorportal.VendorPortalTest@6283d8b8]" started-at="2024-10-02T13:04:23 GMT" name="sleep" finished-at="2024-10-02T13:04:28 GMT" duration-ms="5004" status="PASS">
          <reporter-output>
          </reporter-output>
        </test-method> <!-- sleep -->
        <test-method signature="dashBoardTest()[pri:0, instance:com.aditya.tests.vendorportal.VendorPortalTest@6283d8b8]" started-at="2024-10-02T13:04:28 GMT" name="dashBoardTest" finished-at="2024-10-02T13:04:28 GMT" depends-on-methods="com.aditya.tests.vendorportal.VendorPortalTest.loginTest" duration-ms="688" status="PASS">
          <reporter-output>
          </reporter-output>
        </test-method> <!-- dashBoardTest -->
        <test-method is-config="true" signature="sleep()[pri:0, instance:com.aditya.tests.vendorportal.VendorPortalTest@6283d8b8]" started-at="2024-10-02T13:04:28 GMT" name="sleep" finished-at="2024-10-02T13:04:33 GMT" duration-ms="5000" status="PASS">
          <reporter-output>
          </reporter-output>
        </test-method> <!-- sleep -->
        <test-method signature="logoutTest()[pri:0, instance:com.aditya.tests.vendorportal.VendorPortalTest@6283d8b8]" started-at="2024-10-02T13:04:33 GMT" name="logoutTest" finished-at="2024-10-02T13:04:48 GMT" depends-on-methods="com.aditya.tests.vendorportal.VendorPortalTest.dashBoardTest" duration-ms="14433" status="PASS">
          <reporter-output>
          </reporter-output>
        </test-method> <!-- logoutTest -->
        <test-method is-config="true" signature="sleep()[pri:0, instance:com.aditya.tests.vendorportal.VendorPortalTest@6283d8b8]" started-at="2024-10-02T13:04:48 GMT" name="sleep" finished-at="2024-10-02T13:04:53 GMT" duration-ms="5000" status="PASS">
          <reporter-output>
          </reporter-output>
        </test-method> <!-- sleep -->
        <test-method is-config="true" signature="quiteDriver()[pri:0, instance:com.aditya.tests.vendorportal.VendorPortalTest@6283d8b8]" started-at="2024-10-02T13:04:53 GMT" name="quiteDriver" finished-at="2024-10-02T13:04:53 GMT" duration-ms="101" status="PASS">
          <reporter-output>
          </reporter-output>
        </test-method> <!-- quiteDriver -->
      </class> <!-- com.aditya.tests.vendorportal.VendorPortalTest -->
    </test> <!-- user-mike -->
  </suite> <!-- vendor-portal -->
</testng-results>
